<?xml version="1.0" encoding="UTF-8"?>
<testsuites>
  <testsuite name="Application Test Suite" tests="6" assertions="14" errors="0" failures="0" skipped="0" time="0.003972">
    <testsuite name="CsvXlsReportGenerator\ExportCsvHelperTest" file="/home/deivison/Code/csv-xls-report-generator/tests/ExportCsvHelperTest.php" tests="3" assertions="7" errors="0" failures="0" skipped="0" time="0.003483">
      <testcase name="testGenerateCsvFileInvalidPath" class="CsvXlsReportGenerator\ExportCsvHelperTest" classname="CsvXlsReportGenerator.ExportCsvHelperTest" file="/home/deivison/Code/csv-xls-report-generator/tests/ExportCsvHelperTest.php" line="21" assertions="3" time="0.003026"/>
      <testcase name="testGenerateCsvFileInvalidData" class="CsvXlsReportGenerator\ExportCsvHelperTest" classname="CsvXlsReportGenerator.ExportCsvHelperTest" file="/home/deivison/Code/csv-xls-report-generator/tests/ExportCsvHelperTest.php" line="33" assertions="3" time="0.000087"/>
      <testcase name="testGenerateCsvFile" class="CsvXlsReportGenerator\ExportCsvHelperTest" classname="CsvXlsReportGenerator.ExportCsvHelperTest" file="/home/deivison/Code/csv-xls-report-generator/tests/ExportCsvHelperTest.php" line="45" assertions="1" time="0.000370"/>
    </testsuite>
    <testsuite name="CsvXlsReportGenerator\ExportXlsHelperTest" file="/home/deivison/Code/csv-xls-report-generator/tests/ExportXlsHelperTest.php" tests="3" assertions="7" errors="0" failures="0" skipped="0" time="0.000489">
      <testcase name="testGenerateXlsFileInvalidPath" class="CsvXlsReportGenerator\ExportXlsHelperTest" classname="CsvXlsReportGenerator.ExportXlsHelperTest" file="/home/deivison/Code/csv-xls-report-generator/tests/ExportXlsHelperTest.php" line="22" assertions="3" time="0.000305"/>
      <testcase name="testGenerateXlsFileInvalidData" class="CsvXlsReportGenerator\ExportXlsHelperTest" classname="CsvXlsReportGenerator.ExportXlsHelperTest" file="/home/deivison/Code/csv-xls-report-generator/tests/ExportXlsHelperTest.php" line="34" assertions="3" time="0.000042"/>
      <testcase name="testGenerateXlsFile" class="CsvXlsReportGenerator\ExportXlsHelperTest" classname="CsvXlsReportGenerator.ExportXlsHelperTest" file="/home/deivison/Code/csv-xls-report-generator/tests/ExportXlsHelperTest.php" line="56" assertions="1" time="0.000142"/>
    </testsuite>
  </testsuite>
</testsuites>
